<?xml version="1.0" encoding="UTF-8"?>
<testsuite xmlns:xsi="http://www.w3.org/2001/XMLSchema-instance" xsi:noNamespaceSchemaLocation="https://maven.apache.org/surefire/maven-surefire-plugin/xsd/surefire-test-report.xsd" name="guru.springframework.sfgpetclinic.services.map.OwnerMapServiceTest" time="0.08" tests="8" errors="0" skipped="0" failures="0">
  <properties>
    <property name="sun.desktop" value="windows"/>
    <property name="awt.toolkit" value="sun.awt.windows.WToolkit"/>
    <property name="file.encoding.pkg" value="sun.io"/>
    <property name="java.specification.version" value="1.8"/>
    <property name="sun.cpu.isalist" value="amd64"/>
    <property name="sun.jnu.encoding" value="Cp1252"/>
    <property name="java.class.path" value="c:\repository\org\apache\maven\surefire\surefire-booter\2.22.2\surefire-booter-2.22.2.jar;c:\repository\org\apache\maven\surefire\surefire-api\2.22.2\surefire-api-2.22.2.jar;c:\repository\org\apache\maven\surefire\surefire-logger-api\2.22.2\surefire-logger-api-2.22.2.jar;C:\Dev\Java\Formation\UdeMy\SpringFramework5\spring-petclinic\pet-clinic-data\target\test-classes;C:\Dev\Java\Formation\UdeMy\SpringFramework5\spring-petclinic\pet-clinic-data\target\classes;c:\repository\org\springframework\boot\spring-boot-starter-data-jpa\2.1.5.RELEASE\spring-boot-starter-data-jpa-2.1.5.RELEASE.jar;c:\repository\org\springframework\boot\spring-boot-starter-aop\2.1.5.RELEASE\spring-boot-starter-aop-2.1.5.RELEASE.jar;c:\repository\org\springframework\spring-aop\5.1.7.RELEASE\spring-aop-5.1.7.RELEASE.jar;c:\repository\org\aspectj\aspectjweaver\1.9.4\aspectjweaver-1.9.4.jar;c:\repository\org\springframework\boot\spring-boot-starter-jdbc\2.1.5.RELEASE\spring-boot-starter-jdbc-2.1.5.RELEASE.jar;c:\repository\com\zaxxer\HikariCP\3.2.0\HikariCP-3.2.0.jar;c:\repository\org\springframework\spring-jdbc\5.1.7.RELEASE\spring-jdbc-5.1.7.RELEASE.jar;c:\repository\javax\transaction\javax.transaction-api\1.3\javax.transaction-api-1.3.jar;c:\repository\org\hibernate\hibernate-core\5.3.10.Final\hibernate-core-5.3.10.Final.jar;c:\repository\org\jboss\logging\jboss-logging\3.3.2.Final\jboss-logging-3.3.2.Final.jar;c:\repository\javax\persistence\javax.persistence-api\2.2\javax.persistence-api-2.2.jar;c:\repository\org\javassist\javassist\3.23.2-GA\javassist-3.23.2-GA.jar;c:\repository\net\bytebuddy\byte-buddy\1.9.12\byte-buddy-1.9.12.jar;c:\repository\antlr\antlr\2.7.7\antlr-2.7.7.jar;c:\repository\org\jboss\jandex\2.0.5.Final\jandex-2.0.5.Final.jar;c:\repository\com\fasterxml\classmate\1.4.0\classmate-1.4.0.jar;c:\repository\javax\activation\javax.activation-api\1.2.0\javax.activation-api-1.2.0.jar;c:\repository\org\dom4j\dom4j\2.1.1\dom4j-2.1.1.jar;c:\repository\org\hibernate\common\hibernate-commons-annotations\5.0.4.Final\hibernate-commons-annotations-5.0.4.Final.jar;c:\repository\org\springframework\data\spring-data-jpa\2.1.8.RELEASE\spring-data-jpa-2.1.8.RELEASE.jar;c:\repository\org\springframework\data\spring-data-commons\2.1.8.RELEASE\spring-data-commons-2.1.8.RELEASE.jar;c:\repository\org\springframework\spring-orm\5.1.7.RELEASE\spring-orm-5.1.7.RELEASE.jar;c:\repository\org\springframework\spring-context\5.1.7.RELEASE\spring-context-5.1.7.RELEASE.jar;c:\repository\org\springframework\spring-expression\5.1.7.RELEASE\spring-expression-5.1.7.RELEASE.jar;c:\repository\org\springframework\spring-tx\5.1.7.RELEASE\spring-tx-5.1.7.RELEASE.jar;c:\repository\org\springframework\spring-beans\5.1.7.RELEASE\spring-beans-5.1.7.RELEASE.jar;c:\repository\org\slf4j\slf4j-api\1.7.26\slf4j-api-1.7.26.jar;c:\repository\org\springframework\spring-aspects\5.1.7.RELEASE\spring-aspects-5.1.7.RELEASE.jar;c:\repository\com\h2database\h2\1.4.199\h2-1.4.199.jar;c:\repository\mysql\mysql-connector-java\8.0.16\mysql-connector-java-8.0.16.jar;c:\repository\org\projectlombok\lombok\1.18.8\lombok-1.18.8.jar;c:\repository\org\springframework\boot\spring-boot-starter-test\2.1.5.RELEASE\spring-boot-starter-test-2.1.5.RELEASE.jar;c:\repository\org\springframework\boot\spring-boot-starter\2.1.5.RELEASE\spring-boot-starter-2.1.5.RELEASE.jar;c:\repository\org\springframework\boot\spring-boot\2.1.5.RELEASE\spring-boot-2.1.5.RELEASE.jar;c:\repository\org\springframework\boot\spring-boot-autoconfigure\2.1.5.RELEASE\spring-boot-autoconfigure-2.1.5.RELEASE.jar;c:\repository\org\springframework\boot\spring-boot-starter-logging\2.1.5.RELEASE\spring-boot-starter-logging-2.1.5.RELEASE.jar;c:\repository\ch\qos\logback\logback-classic\1.2.3\logback-classic-1.2.3.jar;c:\repository\ch\qos\logback\logback-core\1.2.3\logback-core-1.2.3.jar;c:\repository\org\apache\logging\log4j\log4j-to-slf4j\2.11.2\log4j-to-slf4j-2.11.2.jar;c:\repository\org\apache\logging\log4j\log4j-api\2.11.2\log4j-api-2.11.2.jar;c:\repository\org\slf4j\jul-to-slf4j\1.7.26\jul-to-slf4j-1.7.26.jar;c:\repository\javax\annotation\javax.annotation-api\1.3.2\javax.annotation-api-1.3.2.jar;c:\repository\org\yaml\snakeyaml\1.23\snakeyaml-1.23.jar;c:\repository\org\springframework\boot\spring-boot-test\2.1.5.RELEASE\spring-boot-test-2.1.5.RELEASE.jar;c:\repository\org\springframework\boot\spring-boot-test-autoconfigure\2.1.5.RELEASE\spring-boot-test-autoconfigure-2.1.5.RELEASE.jar;c:\repository\com\jayway\jsonpath\json-path\2.4.0\json-path-2.4.0.jar;c:\repository\net\minidev\json-smart\2.3\json-smart-2.3.jar;c:\repository\net\minidev\accessors-smart\1.2\accessors-smart-1.2.jar;c:\repository\org\ow2\asm\asm\5.0.4\asm-5.0.4.jar;c:\repository\org\assertj\assertj-core\3.11.1\assertj-core-3.11.1.jar;c:\repository\org\mockito\mockito-core\2.23.4\mockito-core-2.23.4.jar;c:\repository\net\bytebuddy\byte-buddy-agent\1.9.12\byte-buddy-agent-1.9.12.jar;c:\repository\org\objenesis\objenesis\2.6\objenesis-2.6.jar;c:\repository\org\hamcrest\hamcrest-core\1.3\hamcrest-core-1.3.jar;c:\repository\org\hamcrest\hamcrest-library\1.3\hamcrest-library-1.3.jar;c:\repository\org\skyscreamer\jsonassert\1.5.0\jsonassert-1.5.0.jar;c:\repository\com\vaadin\external\google\android-json\0.0.20131108.vaadin1\android-json-0.0.20131108.vaadin1.jar;c:\repository\org\springframework\spring-core\5.1.7.RELEASE\spring-core-5.1.7.RELEASE.jar;c:\repository\org\springframework\spring-jcl\5.1.7.RELEASE\spring-jcl-5.1.7.RELEASE.jar;c:\repository\org\springframework\spring-test\5.1.7.RELEASE\spring-test-5.1.7.RELEASE.jar;c:\repository\org\xmlunit\xmlunit-core\2.6.2\xmlunit-core-2.6.2.jar;c:\repository\org\junit\platform\junit-platform-launcher\1.5.0\junit-platform-launcher-1.5.0.jar;c:\repository\org\apiguardian\apiguardian-api\1.1.0\apiguardian-api-1.1.0.jar;c:\repository\org\junit\platform\junit-platform-commons\1.5.0\junit-platform-commons-1.5.0.jar;c:\repository\org\junit\platform\junit-platform-engine\1.5.0\junit-platform-engine-1.5.0.jar;c:\repository\org\opentest4j\opentest4j\1.2.0\opentest4j-1.2.0.jar;c:\repository\org\junit\jupiter\junit-jupiter-api\5.5.0\junit-jupiter-api-5.5.0.jar;c:\repository\org\junit\jupiter\junit-jupiter-engine\5.5.0\junit-jupiter-engine-5.5.0.jar;c:\repository\org\mockito\mockito-junit-jupiter\2.22.0\mockito-junit-jupiter-2.22.0.jar;c:\repository\javax\xml\bind\jaxb-api\2.3.0\jaxb-api-2.3.0.jar;c:\repository\com\sun\xml\bind\jaxb-core\2.3.0\jaxb-core-2.3.0.jar;c:\repository\com\sun\xml\bind\jaxb-impl\2.3.0\jaxb-impl-2.3.0.jar;c:\repository\org\apache\maven\surefire\surefire-junit-platform\2.22.2\surefire-junit-platform-2.22.2.jar"/>
    <property name="java.vm.vendor" value="Oracle Corporation"/>
    <property name="sun.arch.data.model" value="64"/>
    <property name="user.variant" value=""/>
    <property name="java.vendor.url" value="http://java.oracle.com/"/>
    <property name="user.timezone" value="America/New_York"/>
    <property name="java.vm.specification.version" value="1.8"/>
    <property name="os.name" value="Windows 10"/>
    <property name="user.country" value="CA"/>
    <property name="sun.java.launcher" value="SUN_STANDARD"/>
    <property name="sun.boot.library.path" value="C:\Program Files\Java\jdk1.8.0_172\jre\bin"/>
    <property name="sun.java.command" value="org.apache.maven.surefire.booter.ForkedBooter C:\Users\dul3271\AppData\Local\Temp\1\surefire6651794390179587916 2019-07-16T14-32-54_751-jvmRun1 surefire2882211077955615446tmp surefire_08047101320301863273tmp"/>
    <property name="surefire.test.class.path" value="C:\Dev\Java\Formation\UdeMy\SpringFramework5\spring-petclinic\pet-clinic-data\target\test-classes;C:\Dev\Java\Formation\UdeMy\SpringFramework5\spring-petclinic\pet-clinic-data\target\classes;c:\repository\org\springframework\boot\spring-boot-starter-data-jpa\2.1.5.RELEASE\spring-boot-starter-data-jpa-2.1.5.RELEASE.jar;c:\repository\org\springframework\boot\spring-boot-starter-aop\2.1.5.RELEASE\spring-boot-starter-aop-2.1.5.RELEASE.jar;c:\repository\org\springframework\spring-aop\5.1.7.RELEASE\spring-aop-5.1.7.RELEASE.jar;c:\repository\org\aspectj\aspectjweaver\1.9.4\aspectjweaver-1.9.4.jar;c:\repository\org\springframework\boot\spring-boot-starter-jdbc\2.1.5.RELEASE\spring-boot-starter-jdbc-2.1.5.RELEASE.jar;c:\repository\com\zaxxer\HikariCP\3.2.0\HikariCP-3.2.0.jar;c:\repository\org\springframework\spring-jdbc\5.1.7.RELEASE\spring-jdbc-5.1.7.RELEASE.jar;c:\repository\javax\transaction\javax.transaction-api\1.3\javax.transaction-api-1.3.jar;c:\repository\org\hibernate\hibernate-core\5.3.10.Final\hibernate-core-5.3.10.Final.jar;c:\repository\org\jboss\logging\jboss-logging\3.3.2.Final\jboss-logging-3.3.2.Final.jar;c:\repository\javax\persistence\javax.persistence-api\2.2\javax.persistence-api-2.2.jar;c:\repository\org\javassist\javassist\3.23.2-GA\javassist-3.23.2-GA.jar;c:\repository\net\bytebuddy\byte-buddy\1.9.12\byte-buddy-1.9.12.jar;c:\repository\antlr\antlr\2.7.7\antlr-2.7.7.jar;c:\repository\org\jboss\jandex\2.0.5.Final\jandex-2.0.5.Final.jar;c:\repository\com\fasterxml\classmate\1.4.0\classmate-1.4.0.jar;c:\repository\javax\activation\javax.activation-api\1.2.0\javax.activation-api-1.2.0.jar;c:\repository\org\dom4j\dom4j\2.1.1\dom4j-2.1.1.jar;c:\repository\org\hibernate\common\hibernate-commons-annotations\5.0.4.Final\hibernate-commons-annotations-5.0.4.Final.jar;c:\repository\org\springframework\data\spring-data-jpa\2.1.8.RELEASE\spring-data-jpa-2.1.8.RELEASE.jar;c:\repository\org\springframework\data\spring-data-commons\2.1.8.RELEASE\spring-data-commons-2.1.8.RELEASE.jar;c:\repository\org\springframework\spring-orm\5.1.7.RELEASE\spring-orm-5.1.7.RELEASE.jar;c:\repository\org\springframework\spring-context\5.1.7.RELEASE\spring-context-5.1.7.RELEASE.jar;c:\repository\org\springframework\spring-expression\5.1.7.RELEASE\spring-expression-5.1.7.RELEASE.jar;c:\repository\org\springframework\spring-tx\5.1.7.RELEASE\spring-tx-5.1.7.RELEASE.jar;c:\repository\org\springframework\spring-beans\5.1.7.RELEASE\spring-beans-5.1.7.RELEASE.jar;c:\repository\org\slf4j\slf4j-api\1.7.26\slf4j-api-1.7.26.jar;c:\repository\org\springframework\spring-aspects\5.1.7.RELEASE\spring-aspects-5.1.7.RELEASE.jar;c:\repository\com\h2database\h2\1.4.199\h2-1.4.199.jar;c:\repository\mysql\mysql-connector-java\8.0.16\mysql-connector-java-8.0.16.jar;c:\repository\org\projectlombok\lombok\1.18.8\lombok-1.18.8.jar;c:\repository\org\springframework\boot\spring-boot-starter-test\2.1.5.RELEASE\spring-boot-starter-test-2.1.5.RELEASE.jar;c:\repository\org\springframework\boot\spring-boot-starter\2.1.5.RELEASE\spring-boot-starter-2.1.5.RELEASE.jar;c:\repository\org\springframework\boot\spring-boot\2.1.5.RELEASE\spring-boot-2.1.5.RELEASE.jar;c:\repository\org\springframework\boot\spring-boot-autoconfigure\2.1.5.RELEASE\spring-boot-autoconfigure-2.1.5.RELEASE.jar;c:\repository\org\springframework\boot\spring-boot-starter-logging\2.1.5.RELEASE\spring-boot-starter-logging-2.1.5.RELEASE.jar;c:\repository\ch\qos\logback\logback-classic\1.2.3\logback-classic-1.2.3.jar;c:\repository\ch\qos\logback\logback-core\1.2.3\logback-core-1.2.3.jar;c:\repository\org\apache\logging\log4j\log4j-to-slf4j\2.11.2\log4j-to-slf4j-2.11.2.jar;c:\repository\org\apache\logging\log4j\log4j-api\2.11.2\log4j-api-2.11.2.jar;c:\repository\org\slf4j\jul-to-slf4j\1.7.26\jul-to-slf4j-1.7.26.jar;c:\repository\javax\annotation\javax.annotation-api\1.3.2\javax.annotation-api-1.3.2.jar;c:\repository\org\yaml\snakeyaml\1.23\snakeyaml-1.23.jar;c:\repository\org\springframework\boot\spring-boot-test\2.1.5.RELEASE\spring-boot-test-2.1.5.RELEASE.jar;c:\repository\org\springframework\boot\spring-boot-test-autoconfigure\2.1.5.RELEASE\spring-boot-test-autoconfigure-2.1.5.RELEASE.jar;c:\repository\com\jayway\jsonpath\json-path\2.4.0\json-path-2.4.0.jar;c:\repository\net\minidev\json-smart\2.3\json-smart-2.3.jar;c:\repository\net\minidev\accessors-smart\1.2\accessors-smart-1.2.jar;c:\repository\org\ow2\asm\asm\5.0.4\asm-5.0.4.jar;c:\repository\org\assertj\assertj-core\3.11.1\assertj-core-3.11.1.jar;c:\repository\org\mockito\mockito-core\2.23.4\mockito-core-2.23.4.jar;c:\repository\net\bytebuddy\byte-buddy-agent\1.9.12\byte-buddy-agent-1.9.12.jar;c:\repository\org\objenesis\objenesis\2.6\objenesis-2.6.jar;c:\repository\org\hamcrest\hamcrest-core\1.3\hamcrest-core-1.3.jar;c:\repository\org\hamcrest\hamcrest-library\1.3\hamcrest-library-1.3.jar;c:\repository\org\skyscreamer\jsonassert\1.5.0\jsonassert-1.5.0.jar;c:\repository\com\vaadin\external\google\android-json\0.0.20131108.vaadin1\android-json-0.0.20131108.vaadin1.jar;c:\repository\org\springframework\spring-core\5.1.7.RELEASE\spring-core-5.1.7.RELEASE.jar;c:\repository\org\springframework\spring-jcl\5.1.7.RELEASE\spring-jcl-5.1.7.RELEASE.jar;c:\repository\org\springframework\spring-test\5.1.7.RELEASE\spring-test-5.1.7.RELEASE.jar;c:\repository\org\xmlunit\xmlunit-core\2.6.2\xmlunit-core-2.6.2.jar;c:\repository\org\junit\platform\junit-platform-launcher\1.5.0\junit-platform-launcher-1.5.0.jar;c:\repository\org\apiguardian\apiguardian-api\1.1.0\apiguardian-api-1.1.0.jar;c:\repository\org\junit\platform\junit-platform-commons\1.5.0\junit-platform-commons-1.5.0.jar;c:\repository\org\junit\platform\junit-platform-engine\1.5.0\junit-platform-engine-1.5.0.jar;c:\repository\org\opentest4j\opentest4j\1.2.0\opentest4j-1.2.0.jar;c:\repository\org\junit\jupiter\junit-jupiter-api\5.5.0\junit-jupiter-api-5.5.0.jar;c:\repository\org\junit\jupiter\junit-jupiter-engine\5.5.0\junit-jupiter-engine-5.5.0.jar;c:\repository\org\mockito\mockito-junit-jupiter\2.22.0\mockito-junit-jupiter-2.22.0.jar;c:\repository\javax\xml\bind\jaxb-api\2.3.0\jaxb-api-2.3.0.jar;c:\repository\com\sun\xml\bind\jaxb-core\2.3.0\jaxb-core-2.3.0.jar;c:\repository\com\sun\xml\bind\jaxb-impl\2.3.0\jaxb-impl-2.3.0.jar;"/>
    <property name="sun.cpu.endian" value="little"/>
    <property name="user.home" value="C:\Users\dul3271"/>
    <property name="user.language" value="fr"/>
    <property name="java.specification.vendor" value="Oracle Corporation"/>
    <property name="java.home" value="C:\Program Files\Java\jdk1.8.0_172\jre"/>
    <property name="basedir" value="C:\Dev\Java\Formation\UdeMy\SpringFramework5\spring-petclinic\pet-clinic-data"/>
    <property name="file.separator" value="\"/>
    <property name="line.separator" value="&#10;"/>
    <property name="java.vm.specification.vendor" value="Oracle Corporation"/>
    <property name="java.specification.name" value="Java Platform API Specification"/>
    <property name="java.awt.graphicsenv" value="sun.awt.Win32GraphicsEnvironment"/>
    <property name="UseSunHttpHandler" value="true"/>
    <property name="ssl.SocketFactory.provider" value="sun.security.ssl.SSLSocketFactoryImpl"/>
    <property name="javax.net.ssl.trustStore" value="C:\N3\keystoreSIPL\CertsKeystore"/>
    <property name="sun.boot.class.path" value="C:\Program Files\Java\jdk1.8.0_172\jre\lib\resources.jar;C:\Program Files\Java\jdk1.8.0_172\jre\lib\rt.jar;C:\Program Files\Java\jdk1.8.0_172\jre\lib\sunrsasign.jar;C:\Program Files\Java\jdk1.8.0_172\jre\lib\jsse.jar;C:\Program Files\Java\jdk1.8.0_172\jre\lib\jce.jar;C:\Program Files\Java\jdk1.8.0_172\jre\lib\charsets.jar;C:\Program Files\Java\jdk1.8.0_172\jre\lib\jfr.jar;C:\Program Files\Java\jdk1.8.0_172\jre\classes"/>
    <property name="user.script" value=""/>
    <property name="sun.management.compiler" value="HotSpot 64-Bit Tiered Compilers"/>
    <property name="java.runtime.version" value="1.8.0_172-b11"/>
    <property name="user.name" value="dul3271"/>
    <property name="path.separator" value=";"/>
    <property name="os.version" value="10.0"/>
    <property name="java.endorsed.dirs" value="C:\Program Files\Java\jdk1.8.0_172\jre\lib\endorsed"/>
    <property name="java.runtime.name" value="Java(TM) SE Runtime Environment"/>
    <property name="file.encoding" value="Cp1252"/>
    <property name="java.vm.name" value="Java HotSpot(TM) 64-Bit Server VM"/>
    <property name="localRepository" value="c:\repository"/>
    <property name="java.vendor.url.bug" value="http://bugreport.sun.com/bugreport/"/>
    <property name="java.io.tmpdir" value="C:\Users\dul3271\AppData\Local\Temp\1\"/>
    <property name="java.version" value="1.8.0_172"/>
    <property name="user.dir" value="C:\Dev\Java\Formation\UdeMy\SpringFramework5\spring-petclinic\pet-clinic-data"/>
    <property name="os.arch" value="amd64"/>
    <property name="java.vm.specification.name" value="Java Virtual Machine Specification"/>
    <property name="java.awt.printerjob" value="sun.awt.windows.WPrinterJob"/>
    <property name="ssl.ServerSocketFactory.provider" value="sun.security.ssl.SSLSocketFactoryImpl"/>
    <property name="idea.version2019.1.3" value="true"/>
    <property name="sun.os.patch.level" value=""/>
    <property name="java.library.path" value="C:\Program Files\Java\jdk1.8.0_172\jre\bin;C:\WINDOWS\Sun\Java\bin;C:\WINDOWS\system32;C:\WINDOWS;C:\Program Files (x86)\Common Files\Oracle\Java\javapath;C:\ProgramData\Oracle\Java\javapath;C:\WINDOWS\system32;C:\WINDOWS;C:\WINDOWS\System32\Wbem;C:\Program Files (x86)\GTD Outils;C:\Program Files (x86)\Microsoft Application Virtualization Client;C:\WINDOWS\System32\WindowsPowerShell\v1.0\;C:\Program Files (x86)\Druide\Antidote 9\Application\Bin64\;C:\Program Files (x86)\Druide\Antidote 9\Application\Bin32\;C:\Program Files (x86)\Microsoft SQL Server\110\Tools\Binn\ManagementStudio\;C:\Program Files (x86)\Microsoft SQL Server\110\Tools\Binn\;C:\Program Files\Microsoft SQL Server\110\Tools\Binn\;C:\Program Files (x86)\Microsoft SQL Server\110\DTS\Binn\;c:\Program Files (x86)\Microsoft SQL Server\100\Tools\Binn\;c:\Program Files\Microsoft SQL Server\100\Tools\Binn\;c:\Program Files\Microsoft SQL Server\100\DTS\Binn\;C:\Program Files (x86)\IDM Computer Solutions\UltraCompare\;C:\Program Files\Microsoft VS Code\bin;C:\Program Files\TortoiseGit\bin;C:\WINDOWS\System32\WindowsPowerShell\v1.0\;C:\WINDOWS\System32\OpenSSH\;C:\Program Files\Cloud Foundry;C:\Program Files (x86)\Webex\Webex\Applications;C:\Users\Administrateur\AppData\Local\Lotus\Notes\Data;C:\N3\apache-maven-3.5.3\bin\;C:\WLS1221\jdk1.8.0_172\bin\;C:\N3\Git\bin\;C:\Program Files\JetBrains\IntelliJ IDEA 2019.1.1\bin;;C:\N3\gradle-5.4.1\bin;C:\Users\dul3271\AppData\Local\Microsoft\WindowsApps;;."/>
    <property name="java.vm.info" value="mixed mode"/>
    <property name="java.vendor" value="Oracle Corporation"/>
    <property name="java.vm.version" value="25.172-b11"/>
    <property name="java.ext.dirs" value="C:\Program Files\Java\jdk1.8.0_172\jre\lib\ext;C:\WINDOWS\Sun\Java\lib\ext"/>
    <property name="sun.io.unicode.encoding" value="UnicodeLittle"/>
    <property name="java.class.version" value="52.0"/>
  </properties>
  <testcase name="saveNoId" classname="guru.springframework.sfgpetclinic.services.map.OwnerMapServiceTest" time="0.05"/>
  <testcase name="findByLastnameNotFound" classname="guru.springframework.sfgpetclinic.services.map.OwnerMapServiceTest" time="0.002"/>
  <testcase name="saveExistingId" classname="guru.springframework.sfgpetclinic.services.map.OwnerMapServiceTest" time="0.005"/>
  <testcase name="delete" classname="guru.springframework.sfgpetclinic.services.map.OwnerMapServiceTest" time="0.001"/>
  <testcase name="findAll" classname="guru.springframework.sfgpetclinic.services.map.OwnerMapServiceTest" time="0.001"/>
  <testcase name="findById" classname="guru.springframework.sfgpetclinic.services.map.OwnerMapServiceTest" time="0.001"/>
  <testcase name="findByLastname" classname="guru.springframework.sfgpetclinic.services.map.OwnerMapServiceTest" time="0.001"/>
  <testcase name="deleteById" classname="guru.springframework.sfgpetclinic.services.map.OwnerMapServiceTest" time="0.002"/>
</testsuite>